06:33:41.041 [main] DEBUG org.apache.poi.openxml4j.opc.PackageRelationshipCollection - Parsing relationship: /xl/_rels/workbook.xml.rels
06:33:41.041 [main] DEBUG org.apache.poi.openxml4j.opc.PackageRelationshipCollection - Parsing relationship: /xl/worksheets/_rels/sheet1.xml.rels
06:33:41.041 [main] DEBUG org.apache.poi.openxml4j.opc.PackageRelationshipCollection - Parsing relationship: /_rels/.rels
06:33:41.041 [main] DEBUG org.apache.poi.openxml4j.opc.PackageRelationshipCollection - Parsing relationship: /xl/_rels/workbook.xml.rels
06:33:41.041 [main] DEBUG org.apache.poi.openxml4j.opc.PackageRelationshipCollection - Parsing relationship: /xl/worksheets/_rels/sheet1.xml.rels
06:33:41.041 [main] DEBUG org.apache.poi.openxml4j.opc.PackageRelationshipCollection - Parsing relationship: /_rels/.rels
06:33:41.041 [main] INFO  testCases.TC02_LoginTestDDT - ****TC02_LoginTest Started....****
06:33:41.041 [main] INFO  testCases.TC02_LoginTestDDT - Click MyAccount
06:33:41.041 [main] INFO  testCases.TC02_LoginTestDDT - Click Login
06:33:43.043 [main] INFO  testCases.TC02_LoginTestDDT - Enter Customer Details
06:33:44.044 [main] INFO  testCases.TC02_LoginTestDDT - Validating pageTest
06:33:44.044 [main] INFO  testCases.TC02_LoginTestDDT - ****TC02_LoginTest finished....****
06:33:44.044 [main] INFO  testCases.TC02_LoginTestDDT - ****TC02_LoginTest Started....****
06:33:44.044 [main] INFO  testCases.TC02_LoginTestDDT - Click MyAccount
06:33:44.044 [main] INFO  testCases.TC02_LoginTestDDT - Click Login
06:33:45.045 [main] INFO  testCases.TC02_LoginTestDDT - Enter Customer Details
06:33:46.046 [main] INFO  testCases.TC02_LoginTestDDT - Validating pageTest
06:33:46.046 [main] INFO  testCases.TC02_LoginTestDDT - ****TC02_LoginTest Started....****
06:33:46.046 [main] INFO  testCases.TC02_LoginTestDDT - Click MyAccount
06:33:46.046 [main] INFO  testCases.TC02_LoginTestDDT - Click Login
06:33:47.047 [main] INFO  testCases.TC02_LoginTestDDT - Enter Customer Details
06:33:48.048 [main] INFO  testCases.TC02_LoginTestDDT - Validating pageTest
06:33:48.048 [main] INFO  testCases.TC02_LoginTestDDT - ****TC02_LoginTest Started....****
06:33:48.048 [main] INFO  testCases.TC02_LoginTestDDT - Click MyAccount
06:33:48.048 [main] INFO  testCases.TC02_LoginTestDDT - Click Login
06:33:49.049 [main] INFO  testCases.TC02_LoginTestDDT - Enter Customer Details
06:33:49.049 [main] INFO  testCases.TC02_LoginTestDDT - Validating pageTest
06:34:00.000 [main] INFO  testCases.TC02_LoginTestDDT - ****TC02_LoginTest finished....****
06:34:00.000 [main] INFO  testCases.TC02_LoginTestDDT - ****TC02_LoginTest Started....****
06:34:00.000 [main] INFO  testCases.TC02_LoginTestDDT - Click MyAccount
06:34:00.000 [main] INFO  testCases.TC02_LoginTestDDT - Click Login
06:34:00.000 [main] INFO  testCases.TC02_LoginTestDDT - Enter Customer Details
06:34:02.002 [main] INFO  testCases.TC02_LoginTestDDT - Validating pageTest
06:34:03.003 [main] INFO  testCases.TC02_LoginTestDDT - ****TC02_LoginTest finished....****
06:43:58.058 [main] DEBUG org.testng.TestNG - suiteXmlPath: "C:\Users\Ravi Yadav\eclipse-workspace1\OpenCartPractice\grouping.xml"
06:43:59.059 [main] INFO  org.testng.internal.Utils - [TestNG] Running:
  C:\Users\Ravi Yadav\eclipse-workspace1\OpenCartPractice\grouping.xml

06:44:46.046 [main] DEBUG org.testng.TestNG - suiteXmlPath: "C:\Users\Ravi Yadav\eclipse-workspace1\OpenCartPractice\grouping.xml"
06:44:46.046 [main] INFO  org.testng.internal.Utils - [TestNG] Running:
  C:\Users\Ravi Yadav\eclipse-workspace1\OpenCartPractice\grouping.xml

06:44:53.053 [main] INFO  testCases.TC01_RegistrationTest - **** TC01_RestrationTest Started....****
06:44:54.054 [main] INFO  testCases.TC01_RegistrationTest - MyAccount link Click
06:44:54.054 [main] INFO  testCases.TC01_RegistrationTest - Register link Click
06:44:54.054 [main] INFO  testCases.TC01_RegistrationTest - customer details enter
06:44:56.056 [main] INFO  testCases.TC01_RegistrationTest - validation started
06:44:56.056 [main] INFO  testCases.TC01_RegistrationTest - test passed
06:44:56.056 [main] INFO  testCases.TC01_RegistrationTest - **** TC01_RestrationTest finished....****
06:45:18.018 [main] DEBUG org.testng.TestNG - suiteXmlPath: "C:\Users\Ravi Yadav\eclipse-workspace1\OpenCartPractice\grouping.xml"
06:45:18.018 [main] INFO  org.testng.internal.Utils - [TestNG] Running:
  C:\Users\Ravi Yadav\eclipse-workspace1\OpenCartPractice\grouping.xml

06:46:02.002 [main] DEBUG org.testng.TestNG - suiteXmlPath: "C:\Users\Ravi Yadav\eclipse-workspace1\OpenCartPractice\grouping.xml"
06:46:02.002 [main] INFO  org.testng.internal.Utils - [TestNG] Running:
  C:\Users\Ravi Yadav\eclipse-workspace1\OpenCartPractice\grouping.xml

06:47:53.053 [main] DEBUG org.testng.TestNG - suiteXmlPath: "C:\Users\Ravi Yadav\eclipse-workspace1\OpenCartPractice\grouping.xml"
06:47:53.053 [main] INFO  org.testng.internal.Utils - [TestNG] Running:
  C:\Users\Ravi Yadav\eclipse-workspace1\OpenCartPractice\grouping.xml

06:47:59.059 [main] INFO  testCases.TC02_LoginPageTest - ****TC02_LoginTest Started....****
06:47:59.059 [main] INFO  testCases.TC02_LoginPageTest - Click MyAccount
06:47:59.059 [main] INFO  testCases.TC02_LoginPageTest - Click Login
06:47:59.059 [main] INFO  testCases.TC02_LoginPageTest - Enter Customer Details
06:48:01.001 [main] INFO  testCases.TC02_LoginPageTest - Validating pageTest
06:48:01.001 [main] INFO  testCases.TC02_LoginPageTest - ****TC02_LoginTest finished....****
07:11:10.010 [main] DEBUG org.testng.TestNG - suiteXmlPath: "C:\Users\Ravi Yadav\eclipse-workspace1\OpenCartPractice\master.xml"
07:11:10.010 [main] INFO  org.testng.internal.Utils - [TestNG] Running:
  C:\Users\Ravi Yadav\eclipse-workspace1\OpenCartPractice\master.xml

07:11:19.019 [main] DEBUG org.apache.poi.openxml4j.opc.PackageRelationshipCollection - Parsing relationship: /xl/_rels/workbook.xml.rels
07:11:19.019 [main] DEBUG org.apache.poi.openxml4j.opc.PackageRelationshipCollection - Parsing relationship: /xl/worksheets/_rels/sheet1.xml.rels
07:11:19.019 [main] DEBUG org.apache.poi.openxml4j.opc.PackageRelationshipCollection - Parsing relationship: /_rels/.rels
07:11:20.020 [main] DEBUG org.apache.poi.openxml4j.opc.PackageRelationshipCollection - Parsing relationship: /xl/_rels/workbook.xml.rels
07:11:20.020 [main] DEBUG org.apache.poi.openxml4j.opc.PackageRelationshipCollection - Parsing relationship: /xl/worksheets/_rels/sheet1.xml.rels
07:11:20.020 [main] DEBUG org.apache.poi.openxml4j.opc.PackageRelationshipCollection - Parsing relationship: /_rels/.rels
07:11:20.020 [main] DEBUG org.apache.poi.openxml4j.opc.PackageRelationshipCollection - Parsing relationship: /xl/_rels/workbook.xml.rels
07:11:20.020 [main] DEBUG org.apache.poi.openxml4j.opc.PackageRelationshipCollection - Parsing relationship: /xl/worksheets/_rels/sheet1.xml.rels
07:11:20.020 [main] DEBUG org.apache.poi.openxml4j.opc.PackageRelationshipCollection - Parsing relationship: /_rels/.rels
07:11:20.020 [main] DEBUG org.apache.poi.openxml4j.opc.PackageRelationshipCollection - Parsing relationship: /xl/_rels/workbook.xml.rels
07:11:20.020 [main] DEBUG org.apache.poi.openxml4j.opc.PackageRelationshipCollection - Parsing relationship: /xl/worksheets/_rels/sheet1.xml.rels
07:11:20.020 [main] DEBUG org.apache.poi.openxml4j.opc.PackageRelationshipCollection - Parsing relationship: /_rels/.rels
07:11:20.020 [main] DEBUG org.apache.poi.openxml4j.opc.PackageRelationshipCollection - Parsing relationship: /xl/_rels/workbook.xml.rels
07:11:20.020 [main] DEBUG org.apache.poi.openxml4j.opc.PackageRelationshipCollection - Parsing relationship: /xl/worksheets/_rels/sheet1.xml.rels
07:11:20.020 [main] DEBUG org.apache.poi.openxml4j.opc.PackageRelationshipCollection - Parsing relationship: /_rels/.rels
07:11:20.020 [main] DEBUG org.apache.poi.openxml4j.opc.PackageRelationshipCollection - Parsing relationship: /xl/_rels/workbook.xml.rels
07:11:20.020 [main] DEBUG org.apache.poi.openxml4j.opc.PackageRelationshipCollection - Parsing relationship: /xl/worksheets/_rels/sheet1.xml.rels
07:11:20.020 [main] DEBUG org.apache.poi.openxml4j.opc.PackageRelationshipCollection - Parsing relationship: /_rels/.rels
07:11:20.020 [main] DEBUG org.apache.poi.openxml4j.opc.PackageRelationshipCollection - Parsing relationship: /xl/_rels/workbook.xml.rels
07:11:20.020 [main] DEBUG org.apache.poi.openxml4j.opc.PackageRelationshipCollection - Parsing relationship: /xl/worksheets/_rels/sheet1.xml.rels
07:11:20.020 [main] DEBUG org.apache.poi.openxml4j.opc.PackageRelationshipCollection - Parsing relationship: /_rels/.rels
07:11:20.020 [main] DEBUG org.apache.poi.openxml4j.opc.PackageRelationshipCollection - Parsing relationship: /xl/_rels/workbook.xml.rels
07:11:21.021 [main] DEBUG org.apache.poi.openxml4j.opc.PackageRelationshipCollection - Parsing relationship: /xl/worksheets/_rels/sheet1.xml.rels
07:11:21.021 [main] DEBUG org.apache.poi.openxml4j.opc.PackageRelationshipCollection - Parsing relationship: /_rels/.rels
07:11:21.021 [main] DEBUG org.apache.poi.openxml4j.opc.PackageRelationshipCollection - Parsing relationship: /xl/_rels/workbook.xml.rels
07:11:21.021 [main] DEBUG org.apache.poi.openxml4j.opc.PackageRelationshipCollection - Parsing relationship: /xl/worksheets/_rels/sheet1.xml.rels
07:11:21.021 [main] DEBUG org.apache.poi.openxml4j.opc.PackageRelationshipCollection - Parsing relationship: /_rels/.rels
07:11:21.021 [main] DEBUG org.apache.poi.openxml4j.opc.PackageRelationshipCollection - Parsing relationship: /xl/_rels/workbook.xml.rels
07:11:21.021 [main] DEBUG org.apache.poi.openxml4j.opc.PackageRelationshipCollection - Parsing relationship: /xl/worksheets/_rels/sheet1.xml.rels
07:11:21.021 [main] DEBUG org.apache.poi.openxml4j.opc.PackageRelationshipCollection - Parsing relationship: /_rels/.rels
07:11:21.021 [main] DEBUG org.apache.poi.openxml4j.opc.PackageRelationshipCollection - Parsing relationship: /xl/_rels/workbook.xml.rels
07:11:21.021 [main] DEBUG org.apache.poi.openxml4j.opc.PackageRelationshipCollection - Parsing relationship: /xl/worksheets/_rels/sheet1.xml.rels
07:11:21.021 [main] DEBUG org.apache.poi.openxml4j.opc.PackageRelationshipCollection - Parsing relationship: /_rels/.rels
07:11:21.021 [main] DEBUG org.apache.poi.openxml4j.opc.PackageRelationshipCollection - Parsing relationship: /xl/_rels/workbook.xml.rels
07:11:21.021 [main] DEBUG org.apache.poi.openxml4j.opc.PackageRelationshipCollection - Parsing relationship: /xl/worksheets/_rels/sheet1.xml.rels
07:11:21.021 [main] DEBUG org.apache.poi.openxml4j.opc.PackageRelationshipCollection - Parsing relationship: /_rels/.rels
07:11:21.021 [main] DEBUG org.apache.poi.openxml4j.opc.PackageRelationshipCollection - Parsing relationship: /xl/_rels/workbook.xml.rels
07:11:21.021 [main] DEBUG org.apache.poi.openxml4j.opc.PackageRelationshipCollection - Parsing relationship: /xl/worksheets/_rels/sheet1.xml.rels
07:11:21.021 [main] DEBUG org.apache.poi.openxml4j.opc.PackageRelationshipCollection - Parsing relationship: /_rels/.rels
07:11:21.021 [main] DEBUG org.apache.poi.openxml4j.opc.PackageRelationshipCollection - Parsing relationship: /xl/_rels/workbook.xml.rels
07:11:21.021 [main] DEBUG org.apache.poi.openxml4j.opc.PackageRelationshipCollection - Parsing relationship: /xl/worksheets/_rels/sheet1.xml.rels
07:11:21.021 [main] DEBUG org.apache.poi.openxml4j.opc.PackageRelationshipCollection - Parsing relationship: /_rels/.rels
07:11:21.021 [main] DEBUG org.apache.poi.openxml4j.opc.PackageRelationshipCollection - Parsing relationship: /xl/_rels/workbook.xml.rels
07:11:21.021 [main] DEBUG org.apache.poi.openxml4j.opc.PackageRelationshipCollection - Parsing relationship: /xl/worksheets/_rels/sheet1.xml.rels
07:11:21.021 [main] DEBUG org.apache.poi.openxml4j.opc.PackageRelationshipCollection - Parsing relationship: /_rels/.rels
07:11:21.021 [main] DEBUG org.apache.poi.openxml4j.opc.PackageRelationshipCollection - Parsing relationship: /xl/_rels/workbook.xml.rels
07:11:21.021 [main] DEBUG org.apache.poi.openxml4j.opc.PackageRelationshipCollection - Parsing relationship: /xl/worksheets/_rels/sheet1.xml.rels
07:11:21.021 [main] DEBUG org.apache.poi.openxml4j.opc.PackageRelationshipCollection - Parsing relationship: /_rels/.rels
07:11:21.021 [main] DEBUG org.apache.poi.openxml4j.opc.PackageRelationshipCollection - Parsing relationship: /xl/_rels/workbook.xml.rels
07:11:21.021 [main] DEBUG org.apache.poi.openxml4j.opc.PackageRelationshipCollection - Parsing relationship: /xl/worksheets/_rels/sheet1.xml.rels
07:11:21.021 [main] DEBUG org.apache.poi.openxml4j.opc.PackageRelationshipCollection - Parsing relationship: /_rels/.rels
07:11:21.021 [main] INFO  testCases.TC02_LoginTestDDT - ****TC02_LoginTest Started....****
07:11:21.021 [main] INFO  testCases.TC02_LoginTestDDT - Click MyAccount
07:11:21.021 [main] INFO  testCases.TC02_LoginTestDDT - Click Login
07:11:21.021 [main] INFO  testCases.TC02_LoginTestDDT - Enter Customer Details
07:11:23.023 [main] INFO  testCases.TC02_LoginTestDDT - Validating pageTest
07:11:23.023 [main] INFO  testCases.TC02_LoginTestDDT - ****TC02_LoginTest finished....****
07:11:24.024 [main] INFO  testCases.TC02_LoginTestDDT - ****TC02_LoginTest Started....****
07:11:24.024 [main] INFO  testCases.TC02_LoginTestDDT - Click MyAccount
07:11:24.024 [main] INFO  testCases.TC02_LoginTestDDT - Click Login
07:11:24.024 [main] INFO  testCases.TC02_LoginTestDDT - Enter Customer Details
07:11:25.025 [main] INFO  testCases.TC02_LoginTestDDT - Validating pageTest
07:11:26.026 [main] INFO  testCases.TC02_LoginTestDDT - ****TC02_LoginTest Started....****
07:11:26.026 [main] INFO  testCases.TC02_LoginTestDDT - Click MyAccount
07:11:26.026 [main] INFO  testCases.TC02_LoginTestDDT - Click Login
07:11:26.026 [main] INFO  testCases.TC02_LoginTestDDT - Enter Customer Details
07:11:27.027 [main] INFO  testCases.TC02_LoginTestDDT - Validating pageTest
07:11:28.028 [main] INFO  testCases.TC02_LoginTestDDT - ****TC02_LoginTest Started....****
07:11:28.028 [main] INFO  testCases.TC02_LoginTestDDT - Click MyAccount
07:11:28.028 [main] INFO  testCases.TC02_LoginTestDDT - Click Login
07:11:29.029 [main] INFO  testCases.TC02_LoginTestDDT - Enter Customer Details
07:11:30.030 [main] INFO  testCases.TC02_LoginTestDDT - Validating pageTest
07:11:40.040 [main] INFO  testCases.TC02_LoginTestDDT - ****TC02_LoginTest finished....****
07:11:40.040 [main] INFO  testCases.TC02_LoginTestDDT - ****TC02_LoginTest Started....****
07:11:40.040 [main] INFO  testCases.TC02_LoginTestDDT - Click MyAccount
07:11:40.040 [main] INFO  testCases.TC02_LoginTestDDT - Click Login
07:11:42.042 [main] INFO  testCases.TC02_LoginTestDDT - Enter Customer Details
07:11:44.044 [main] INFO  testCases.TC02_LoginTestDDT - Validating pageTest
07:11:46.046 [main] INFO  testCases.TC02_LoginTestDDT - ****TC02_LoginTest finished....****
19:47:44.044 [main] DEBUG org.testng.TestNG - suiteXmlPath: "C:\Users\Ravi Yadav\eclipse-workspace1\OpenCartPractice\ExtentReport.xml"
19:47:44.044 [main] INFO  org.testng.internal.Utils - [TestNG] Running:
  C:\Users\Ravi Yadav\eclipse-workspace1\OpenCartPractice\ExtentReport.xml

19:47:49.049 [main] INFO  testCases.TC01_RegistrationTest - **** TC01_RestrationTest Started....****
19:47:49.049 [main] INFO  testCases.TC01_RegistrationTest - MyAccount link Click
19:47:50.050 [main] INFO  testCases.TC01_RegistrationTest - Register link Click
19:47:50.050 [main] INFO  testCases.TC01_RegistrationTest - customer details enter
19:47:52.052 [main] INFO  testCases.TC01_RegistrationTest - validation started
19:47:52.052 [main] INFO  testCases.TC01_RegistrationTest - test passed
19:47:52.052 [main] INFO  testCases.TC01_RegistrationTest - **** TC01_RestrationTest finished....****
19:47:58.058 [main] INFO  testCases.TC02_LoginPageTest - ****TC02_LoginTest Started....****
19:47:58.058 [main] INFO  testCases.TC02_LoginPageTest - Click MyAccount
19:47:58.058 [main] INFO  testCases.TC02_LoginPageTest - Click Login
19:47:58.058 [main] INFO  testCases.TC02_LoginPageTest - Enter Customer Details
19:48:00.000 [main] INFO  testCases.TC02_LoginPageTest - Validating pageTest
19:48:01.001 [main] INFO  testCases.TC02_LoginPageTest - ****TC02_LoginTest finished....****
19:50:14.014 [main] DEBUG org.testng.TestNG - suiteXmlPath: "C:\Users\Ravi Yadav\eclipse-workspace1\OpenCartPractice\ExtentReport.xml"
19:50:14.014 [main] INFO  org.testng.internal.Utils - [TestNG] Running:
  C:\Users\Ravi Yadav\eclipse-workspace1\OpenCartPractice\ExtentReport.xml

19:50:23.023 [main] INFO  testCases.TC01_RegistrationTest - **** TC01_RestrationTest Started....****
19:50:23.023 [main] INFO  testCases.TC01_RegistrationTest - MyAccount link Click
19:50:23.023 [main] INFO  testCases.TC01_RegistrationTest - Register link Click
19:50:23.023 [main] INFO  testCases.TC01_RegistrationTest - customer details enter
19:50:26.026 [main] INFO  testCases.TC01_RegistrationTest - validation started
19:50:26.026 [main] ERROR testCases.TC01_RegistrationTest - test failed
19:50:26.026 [main] DEBUG testCases.TC01_RegistrationTest - test debug
19:50:30.030 [main] INFO  testCases.TC02_LoginPageTest - ****TC02_LoginTest Started....****
19:50:30.030 [main] INFO  testCases.TC02_LoginPageTest - Click MyAccount
19:50:30.030 [main] INFO  testCases.TC02_LoginPageTest - Click Login
19:50:31.031 [main] INFO  testCases.TC02_LoginPageTest - Enter Customer Details
19:50:31.031 [main] INFO  testCases.TC02_LoginPageTest - Validating pageTest
19:50:42.042 [main] ERROR testCases.TC02_LoginPageTest - test failed
19:50:42.042 [main] DEBUG testCases.TC02_LoginPageTest - test debug
19:53:21.021 [main] DEBUG org.testng.TestNG - suiteXmlPath: "C:\Users\Ravi Yadav\eclipse-workspace1\OpenCartPractice\ExtentReport.xml"
19:53:22.022 [main] INFO  org.testng.internal.Utils - [TestNG] Running:
  C:\Users\Ravi Yadav\eclipse-workspace1\OpenCartPractice\ExtentReport.xml

19:53:28.028 [main] INFO  testCases.TC01_RegistrationTest - **** TC01_RestrationTest Started....****
19:53:28.028 [main] INFO  testCases.TC01_RegistrationTest - MyAccount link Click
19:53:29.029 [main] INFO  testCases.TC01_RegistrationTest - Register link Click
19:53:29.029 [main] INFO  testCases.TC01_RegistrationTest - customer details enter
19:53:31.031 [main] INFO  testCases.TC01_RegistrationTest - validation started
19:53:31.031 [main] ERROR testCases.TC01_RegistrationTest - test failed
19:53:31.031 [main] DEBUG testCases.TC01_RegistrationTest - test debug
19:53:35.035 [main] INFO  testCases.TC02_LoginPageTest - ****TC02_LoginTest Started....****
19:53:35.035 [main] INFO  testCases.TC02_LoginPageTest - Click MyAccount
19:53:36.036 [main] INFO  testCases.TC02_LoginPageTest - Click Login
19:53:37.037 [main] INFO  testCases.TC02_LoginPageTest - Enter Customer Details
19:53:37.037 [main] INFO  testCases.TC02_LoginPageTest - Validating pageTest
19:53:47.047 [main] ERROR testCases.TC02_LoginPageTest - test failed
19:53:47.047 [main] DEBUG testCases.TC02_LoginPageTest - test debug
19:55:52.052 [main] DEBUG org.testng.TestNG - suiteXmlPath: "C:\Users\Ravi Yadav\eclipse-workspace1\OpenCartPractice\test-output\testng-failed.xml"
19:55:52.052 [main] INFO  org.testng.internal.Utils - [TestNG] Running:
  C:\Users\Ravi Yadav\eclipse-workspace1\OpenCartPractice\test-output\testng-failed.xml

19:56:00.000 [main] INFO  testCases.TC01_RegistrationTest - **** TC01_RestrationTest Started....****
19:56:01.001 [main] INFO  testCases.TC01_RegistrationTest - MyAccount link Click
19:56:02.002 [main] INFO  testCases.TC01_RegistrationTest - Register link Click
19:56:02.002 [main] INFO  testCases.TC01_RegistrationTest - customer details enter
19:56:05.005 [main] INFO  testCases.TC01_RegistrationTest - validation started
19:56:05.005 [main] INFO  testCases.TC01_RegistrationTest - test passed
19:56:05.005 [main] INFO  testCases.TC01_RegistrationTest - **** TC01_RestrationTest finished....****
19:56:10.010 [main] INFO  testCases.TC02_LoginPageTest - ****TC02_LoginTest Started....****
19:56:10.010 [main] INFO  testCases.TC02_LoginPageTest - Click MyAccount
19:56:11.011 [main] INFO  testCases.TC02_LoginPageTest - Click Login
19:56:11.011 [main] INFO  testCases.TC02_LoginPageTest - Enter Customer Details
19:56:13.013 [main] INFO  testCases.TC02_LoginPageTest - Validating pageTest
19:56:13.013 [main] INFO  testCases.TC02_LoginPageTest - ****TC02_LoginTest finished....****
21:34:50.050 [main] DEBUG org.testng.TestNG - suiteXmlPath: "C:\Users\Ravi Yadav\eclipse-workspace1\OpenCartPractice\master.xml"
21:34:50.050 [main] INFO  org.testng.internal.Utils - [TestNG] Running:
  C:\Users\Ravi Yadav\eclipse-workspace1\OpenCartPractice\master.xml

21:35:02.002 [main] DEBUG org.apache.poi.openxml4j.opc.PackageRelationshipCollection - Parsing relationship: /xl/_rels/workbook.xml.rels
21:35:02.002 [main] DEBUG org.apache.poi.openxml4j.opc.PackageRelationshipCollection - Parsing relationship: /xl/worksheets/_rels/sheet1.xml.rels
21:35:02.002 [main] DEBUG org.apache.poi.openxml4j.opc.PackageRelationshipCollection - Parsing relationship: /_rels/.rels
21:35:04.004 [main] DEBUG org.apache.poi.openxml4j.opc.PackageRelationshipCollection - Parsing relationship: /xl/_rels/workbook.xml.rels
21:35:04.004 [main] DEBUG org.apache.poi.openxml4j.opc.PackageRelationshipCollection - Parsing relationship: /xl/worksheets/_rels/sheet1.xml.rels
21:35:04.004 [main] DEBUG org.apache.poi.openxml4j.opc.PackageRelationshipCollection - Parsing relationship: /_rels/.rels
21:35:04.004 [main] DEBUG org.apache.poi.openxml4j.opc.PackageRelationshipCollection - Parsing relationship: /xl/_rels/workbook.xml.rels
21:35:04.004 [main] DEBUG org.apache.poi.openxml4j.opc.PackageRelationshipCollection - Parsing relationship: /xl/worksheets/_rels/sheet1.xml.rels
21:35:04.004 [main] DEBUG org.apache.poi.openxml4j.opc.PackageRelationshipCollection - Parsing relationship: /_rels/.rels
21:35:04.004 [main] DEBUG org.apache.poi.openxml4j.opc.PackageRelationshipCollection - Parsing relationship: /xl/_rels/workbook.xml.rels
21:35:04.004 [main] DEBUG org.apache.poi.openxml4j.opc.PackageRelationshipCollection - Parsing relationship: /xl/worksheets/_rels/sheet1.xml.rels
21:35:04.004 [main] DEBUG org.apache.poi.openxml4j.opc.PackageRelationshipCollection - Parsing relationship: /_rels/.rels
21:35:04.004 [main] DEBUG org.apache.poi.openxml4j.opc.PackageRelationshipCollection - Parsing relationship: /xl/_rels/workbook.xml.rels
21:35:04.004 [main] DEBUG org.apache.poi.openxml4j.opc.PackageRelationshipCollection - Parsing relationship: /xl/worksheets/_rels/sheet1.xml.rels
21:35:04.004 [main] DEBUG org.apache.poi.openxml4j.opc.PackageRelationshipCollection - Parsing relationship: /_rels/.rels
21:35:04.004 [main] DEBUG org.apache.poi.openxml4j.opc.PackageRelationshipCollection - Parsing relationship: /xl/_rels/workbook.xml.rels
21:35:04.004 [main] DEBUG org.apache.poi.openxml4j.opc.PackageRelationshipCollection - Parsing relationship: /xl/worksheets/_rels/sheet1.xml.rels
21:35:04.004 [main] DEBUG org.apache.poi.openxml4j.opc.PackageRelationshipCollection - Parsing relationship: /_rels/.rels
21:35:04.004 [main] DEBUG org.apache.poi.openxml4j.opc.PackageRelationshipCollection - Parsing relationship: /xl/_rels/workbook.xml.rels
21:35:04.004 [main] DEBUG org.apache.poi.openxml4j.opc.PackageRelationshipCollection - Parsing relationship: /xl/worksheets/_rels/sheet1.xml.rels
21:35:04.004 [main] DEBUG org.apache.poi.openxml4j.opc.PackageRelationshipCollection - Parsing relationship: /_rels/.rels
21:35:04.004 [main] DEBUG org.apache.poi.openxml4j.opc.PackageRelationshipCollection - Parsing relationship: /xl/_rels/workbook.xml.rels
21:35:04.004 [main] DEBUG org.apache.poi.openxml4j.opc.PackageRelationshipCollection - Parsing relationship: /xl/worksheets/_rels/sheet1.xml.rels
21:35:04.004 [main] DEBUG org.apache.poi.openxml4j.opc.PackageRelationshipCollection - Parsing relationship: /_rels/.rels
21:35:04.004 [main] DEBUG org.apache.poi.openxml4j.opc.PackageRelationshipCollection - Parsing relationship: /xl/_rels/workbook.xml.rels
21:35:04.004 [main] DEBUG org.apache.poi.openxml4j.opc.PackageRelationshipCollection - Parsing relationship: /xl/worksheets/_rels/sheet1.xml.rels
21:35:04.004 [main] DEBUG org.apache.poi.openxml4j.opc.PackageRelationshipCollection - Parsing relationship: /_rels/.rels
21:35:04.004 [main] DEBUG org.apache.poi.openxml4j.opc.PackageRelationshipCollection - Parsing relationship: /xl/_rels/workbook.xml.rels
21:35:04.004 [main] DEBUG org.apache.poi.openxml4j.opc.PackageRelationshipCollection - Parsing relationship: /xl/worksheets/_rels/sheet1.xml.rels
21:35:04.004 [main] DEBUG org.apache.poi.openxml4j.opc.PackageRelationshipCollection - Parsing relationship: /_rels/.rels
21:35:04.004 [main] DEBUG org.apache.poi.openxml4j.opc.PackageRelationshipCollection - Parsing relationship: /xl/_rels/workbook.xml.rels
21:35:04.004 [main] DEBUG org.apache.poi.openxml4j.opc.PackageRelationshipCollection - Parsing relationship: /xl/worksheets/_rels/sheet1.xml.rels
21:35:04.004 [main] DEBUG org.apache.poi.openxml4j.opc.PackageRelationshipCollection - Parsing relationship: /_rels/.rels
21:35:04.004 [main] DEBUG org.apache.poi.openxml4j.opc.PackageRelationshipCollection - Parsing relationship: /xl/_rels/workbook.xml.rels
21:35:04.004 [main] DEBUG org.apache.poi.openxml4j.opc.PackageRelationshipCollection - Parsing relationship: /xl/worksheets/_rels/sheet1.xml.rels
21:35:04.004 [main] DEBUG org.apache.poi.openxml4j.opc.PackageRelationshipCollection - Parsing relationship: /_rels/.rels
21:35:04.004 [main] DEBUG org.apache.poi.openxml4j.opc.PackageRelationshipCollection - Parsing relationship: /xl/_rels/workbook.xml.rels
21:35:04.004 [main] DEBUG org.apache.poi.openxml4j.opc.PackageRelationshipCollection - Parsing relationship: /xl/worksheets/_rels/sheet1.xml.rels
21:35:04.004 [main] DEBUG org.apache.poi.openxml4j.opc.PackageRelationshipCollection - Parsing relationship: /_rels/.rels
21:35:04.004 [main] DEBUG org.apache.poi.openxml4j.opc.PackageRelationshipCollection - Parsing relationship: /xl/_rels/workbook.xml.rels
21:35:04.004 [main] DEBUG org.apache.poi.openxml4j.opc.PackageRelationshipCollection - Parsing relationship: /xl/worksheets/_rels/sheet1.xml.rels
21:35:04.004 [main] DEBUG org.apache.poi.openxml4j.opc.PackageRelationshipCollection - Parsing relationship: /_rels/.rels
21:35:04.004 [main] DEBUG org.apache.poi.openxml4j.opc.PackageRelationshipCollection - Parsing relationship: /xl/_rels/workbook.xml.rels
21:35:04.004 [main] DEBUG org.apache.poi.openxml4j.opc.PackageRelationshipCollection - Parsing relationship: /xl/worksheets/_rels/sheet1.xml.rels
21:35:04.004 [main] DEBUG org.apache.poi.openxml4j.opc.PackageRelationshipCollection - Parsing relationship: /_rels/.rels
21:35:04.004 [main] DEBUG org.apache.poi.openxml4j.opc.PackageRelationshipCollection - Parsing relationship: /xl/_rels/workbook.xml.rels
21:35:04.004 [main] DEBUG org.apache.poi.openxml4j.opc.PackageRelationshipCollection - Parsing relationship: /xl/worksheets/_rels/sheet1.xml.rels
21:35:04.004 [main] DEBUG org.apache.poi.openxml4j.opc.PackageRelationshipCollection - Parsing relationship: /_rels/.rels
21:35:04.004 [main] DEBUG org.apache.poi.openxml4j.opc.PackageRelationshipCollection - Parsing relationship: /xl/_rels/workbook.xml.rels
21:35:04.004 [main] DEBUG org.apache.poi.openxml4j.opc.PackageRelationshipCollection - Parsing relationship: /xl/worksheets/_rels/sheet1.xml.rels
21:35:04.004 [main] DEBUG org.apache.poi.openxml4j.opc.PackageRelationshipCollection - Parsing relationship: /_rels/.rels
21:35:06.006 [main] DEBUG org.testng.TestNG - suiteXmlPath: "C:\Users\Ravi Yadav\eclipse-workspace1\OpenCartPractice\master.xml"
21:35:07.007 [main] INFO  org.testng.internal.Utils - [TestNG] Running:
  C:\Users\Ravi Yadav\eclipse-workspace1\OpenCartPractice\master.xml

21:35:19.019 [main] DEBUG org.apache.poi.openxml4j.opc.PackageRelationshipCollection - Parsing relationship: /xl/_rels/workbook.xml.rels
21:35:19.019 [main] DEBUG org.apache.poi.openxml4j.opc.PackageRelationshipCollection - Parsing relationship: /xl/worksheets/_rels/sheet1.xml.rels
21:35:19.019 [main] DEBUG org.apache.poi.openxml4j.opc.PackageRelationshipCollection - Parsing relationship: /_rels/.rels
21:35:20.020 [main] DEBUG org.apache.poi.openxml4j.opc.PackageRelationshipCollection - Parsing relationship: /xl/_rels/workbook.xml.rels
21:35:20.020 [main] DEBUG org.apache.poi.openxml4j.opc.PackageRelationshipCollection - Parsing relationship: /xl/worksheets/_rels/sheet1.xml.rels
21:35:20.020 [main] DEBUG org.apache.poi.openxml4j.opc.PackageRelationshipCollection - Parsing relationship: /_rels/.rels
21:35:20.020 [main] DEBUG org.apache.poi.openxml4j.opc.PackageRelationshipCollection - Parsing relationship: /xl/_rels/workbook.xml.rels
21:35:20.020 [main] DEBUG org.apache.poi.openxml4j.opc.PackageRelationshipCollection - Parsing relationship: /xl/worksheets/_rels/sheet1.xml.rels
21:35:20.020 [main] DEBUG org.apache.poi.openxml4j.opc.PackageRelationshipCollection - Parsing relationship: /_rels/.rels
21:35:20.020 [main] DEBUG org.apache.poi.openxml4j.opc.PackageRelationshipCollection - Parsing relationship: /xl/_rels/workbook.xml.rels
21:35:20.020 [main] DEBUG org.apache.poi.openxml4j.opc.PackageRelationshipCollection - Parsing relationship: /xl/worksheets/_rels/sheet1.xml.rels
21:35:20.020 [main] DEBUG org.apache.poi.openxml4j.opc.PackageRelationshipCollection - Parsing relationship: /_rels/.rels
21:35:20.020 [main] DEBUG org.apache.poi.openxml4j.opc.PackageRelationshipCollection - Parsing relationship: /xl/_rels/workbook.xml.rels
21:35:20.020 [main] DEBUG org.apache.poi.openxml4j.opc.PackageRelationshipCollection - Parsing relationship: /xl/worksheets/_rels/sheet1.xml.rels
21:35:20.020 [main] DEBUG org.apache.poi.openxml4j.opc.PackageRelationshipCollection - Parsing relationship: /_rels/.rels
21:35:20.020 [main] DEBUG org.apache.poi.openxml4j.opc.PackageRelationshipCollection - Parsing relationship: /xl/_rels/workbook.xml.rels
21:35:20.020 [main] DEBUG org.apache.poi.openxml4j.opc.PackageRelationshipCollection - Parsing relationship: /xl/worksheets/_rels/sheet1.xml.rels
21:35:20.020 [main] DEBUG org.apache.poi.openxml4j.opc.PackageRelationshipCollection - Parsing relationship: /_rels/.rels
21:35:20.020 [main] DEBUG org.apache.poi.openxml4j.opc.PackageRelationshipCollection - Parsing relationship: /xl/_rels/workbook.xml.rels
21:35:20.020 [main] DEBUG org.apache.poi.openxml4j.opc.PackageRelationshipCollection - Parsing relationship: /xl/worksheets/_rels/sheet1.xml.rels
21:35:20.020 [main] DEBUG org.apache.poi.openxml4j.opc.PackageRelationshipCollection - Parsing relationship: /_rels/.rels
21:35:20.020 [main] DEBUG org.apache.poi.openxml4j.opc.PackageRelationshipCollection - Parsing relationship: /xl/_rels/workbook.xml.rels
21:35:20.020 [main] DEBUG org.apache.poi.openxml4j.opc.PackageRelationshipCollection - Parsing relationship: /xl/worksheets/_rels/sheet1.xml.rels
21:35:20.020 [main] DEBUG org.apache.poi.openxml4j.opc.PackageRelationshipCollection - Parsing relationship: /_rels/.rels
21:35:20.020 [main] DEBUG org.apache.poi.openxml4j.opc.PackageRelationshipCollection - Parsing relationship: /xl/_rels/workbook.xml.rels
21:35:20.020 [main] DEBUG org.apache.poi.openxml4j.opc.PackageRelationshipCollection - Parsing relationship: /xl/worksheets/_rels/sheet1.xml.rels
21:35:20.020 [main] DEBUG org.apache.poi.openxml4j.opc.PackageRelationshipCollection - Parsing relationship: /_rels/.rels
21:35:20.020 [main] DEBUG org.apache.poi.openxml4j.opc.PackageRelationshipCollection - Parsing relationship: /xl/_rels/workbook.xml.rels
21:35:20.020 [main] DEBUG org.apache.poi.openxml4j.opc.PackageRelationshipCollection - Parsing relationship: /xl/worksheets/_rels/sheet1.xml.rels
21:35:20.020 [main] DEBUG org.apache.poi.openxml4j.opc.PackageRelationshipCollection - Parsing relationship: /_rels/.rels
21:35:21.021 [main] DEBUG org.apache.poi.openxml4j.opc.PackageRelationshipCollection - Parsing relationship: /xl/_rels/workbook.xml.rels
21:35:21.021 [main] DEBUG org.apache.poi.openxml4j.opc.PackageRelationshipCollection - Parsing relationship: /xl/worksheets/_rels/sheet1.xml.rels
21:35:21.021 [main] DEBUG org.apache.poi.openxml4j.opc.PackageRelationshipCollection - Parsing relationship: /_rels/.rels
21:35:21.021 [main] DEBUG org.apache.poi.openxml4j.opc.PackageRelationshipCollection - Parsing relationship: /xl/_rels/workbook.xml.rels
21:35:21.021 [main] DEBUG org.apache.poi.openxml4j.opc.PackageRelationshipCollection - Parsing relationship: /xl/worksheets/_rels/sheet1.xml.rels
21:35:21.021 [main] DEBUG org.apache.poi.openxml4j.opc.PackageRelationshipCollection - Parsing relationship: /_rels/.rels
21:35:21.021 [main] DEBUG org.apache.poi.openxml4j.opc.PackageRelationshipCollection - Parsing relationship: /xl/_rels/workbook.xml.rels
21:35:21.021 [main] DEBUG org.apache.poi.openxml4j.opc.PackageRelationshipCollection - Parsing relationship: /xl/worksheets/_rels/sheet1.xml.rels
21:35:21.021 [main] DEBUG org.apache.poi.openxml4j.opc.PackageRelationshipCollection - Parsing relationship: /_rels/.rels
21:35:21.021 [main] DEBUG org.apache.poi.openxml4j.opc.PackageRelationshipCollection - Parsing relationship: /xl/_rels/workbook.xml.rels
21:35:21.021 [main] DEBUG org.apache.poi.openxml4j.opc.PackageRelationshipCollection - Parsing relationship: /xl/worksheets/_rels/sheet1.xml.rels
21:35:21.021 [main] DEBUG org.apache.poi.openxml4j.opc.PackageRelationshipCollection - Parsing relationship: /_rels/.rels
21:35:21.021 [main] DEBUG org.apache.poi.openxml4j.opc.PackageRelationshipCollection - Parsing relationship: /xl/_rels/workbook.xml.rels
21:35:21.021 [main] DEBUG org.apache.poi.openxml4j.opc.PackageRelationshipCollection - Parsing relationship: /xl/worksheets/_rels/sheet1.xml.rels
21:35:21.021 [main] DEBUG org.apache.poi.openxml4j.opc.PackageRelationshipCollection - Parsing relationship: /_rels/.rels
21:35:21.021 [main] DEBUG org.apache.poi.openxml4j.opc.PackageRelationshipCollection - Parsing relationship: /xl/_rels/workbook.xml.rels
21:35:21.021 [main] DEBUG org.apache.poi.openxml4j.opc.PackageRelationshipCollection - Parsing relationship: /xl/worksheets/_rels/sheet1.xml.rels
21:35:21.021 [main] DEBUG org.apache.poi.openxml4j.opc.PackageRelationshipCollection - Parsing relationship: /_rels/.rels
21:35:21.021 [main] DEBUG org.apache.poi.openxml4j.opc.PackageRelationshipCollection - Parsing relationship: /xl/_rels/workbook.xml.rels
21:35:21.021 [main] DEBUG org.apache.poi.openxml4j.opc.PackageRelationshipCollection - Parsing relationship: /xl/worksheets/_rels/sheet1.xml.rels
21:35:21.021 [main] DEBUG org.apache.poi.openxml4j.opc.PackageRelationshipCollection - Parsing relationship: /_rels/.rels
21:35:56.056 [main] DEBUG org.testng.TestNG - suiteXmlPath: "C:\Users\Ravi Yadav\eclipse-workspace1\OpenCartPractice\master.xml"
21:35:57.057 [main] INFO  org.testng.internal.Utils - [TestNG] Running:
  C:\Users\Ravi Yadav\eclipse-workspace1\OpenCartPractice\master.xml

21:36:09.009 [main] DEBUG org.apache.poi.openxml4j.opc.PackageRelationshipCollection - Parsing relationship: /xl/_rels/workbook.xml.rels
21:36:09.009 [main] DEBUG org.apache.poi.openxml4j.opc.PackageRelationshipCollection - Parsing relationship: /xl/worksheets/_rels/sheet1.xml.rels
21:36:09.009 [main] DEBUG org.apache.poi.openxml4j.opc.PackageRelationshipCollection - Parsing relationship: /_rels/.rels
21:36:10.010 [main] DEBUG org.apache.poi.openxml4j.opc.PackageRelationshipCollection - Parsing relationship: /xl/_rels/workbook.xml.rels
21:36:10.010 [main] DEBUG org.apache.poi.openxml4j.opc.PackageRelationshipCollection - Parsing relationship: /xl/worksheets/_rels/sheet1.xml.rels
21:36:10.010 [main] DEBUG org.apache.poi.openxml4j.opc.PackageRelationshipCollection - Parsing relationship: /_rels/.rels
21:36:10.010 [main] DEBUG org.apache.poi.openxml4j.opc.PackageRelationshipCollection - Parsing relationship: /xl/_rels/workbook.xml.rels
21:36:10.010 [main] DEBUG org.apache.poi.openxml4j.opc.PackageRelationshipCollection - Parsing relationship: /xl/worksheets/_rels/sheet1.xml.rels
21:36:10.010 [main] DEBUG org.apache.poi.openxml4j.opc.PackageRelationshipCollection - Parsing relationship: /_rels/.rels
21:36:10.010 [main] DEBUG org.apache.poi.openxml4j.opc.PackageRelationshipCollection - Parsing relationship: /xl/_rels/workbook.xml.rels
21:36:10.010 [main] DEBUG org.apache.poi.openxml4j.opc.PackageRelationshipCollection - Parsing relationship: /xl/worksheets/_rels/sheet1.xml.rels
21:36:10.010 [main] DEBUG org.apache.poi.openxml4j.opc.PackageRelationshipCollection - Parsing relationship: /_rels/.rels
21:36:11.011 [main] DEBUG org.apache.poi.openxml4j.opc.PackageRelationshipCollection - Parsing relationship: /xl/_rels/workbook.xml.rels
21:36:11.011 [main] DEBUG org.apache.poi.openxml4j.opc.PackageRelationshipCollection - Parsing relationship: /xl/worksheets/_rels/sheet1.xml.rels
21:36:11.011 [main] DEBUG org.apache.poi.openxml4j.opc.PackageRelationshipCollection - Parsing relationship: /_rels/.rels
21:36:11.011 [main] DEBUG org.apache.poi.openxml4j.opc.PackageRelationshipCollection - Parsing relationship: /xl/_rels/workbook.xml.rels
21:36:11.011 [main] DEBUG org.apache.poi.openxml4j.opc.PackageRelationshipCollection - Parsing relationship: /xl/worksheets/_rels/sheet1.xml.rels
21:36:11.011 [main] DEBUG org.apache.poi.openxml4j.opc.PackageRelationshipCollection - Parsing relationship: /_rels/.rels
21:36:11.011 [main] DEBUG org.apache.poi.openxml4j.opc.PackageRelationshipCollection - Parsing relationship: /xl/_rels/workbook.xml.rels
21:36:11.011 [main] DEBUG org.apache.poi.openxml4j.opc.PackageRelationshipCollection - Parsing relationship: /xl/worksheets/_rels/sheet1.xml.rels
21:36:11.011 [main] DEBUG org.apache.poi.openxml4j.opc.PackageRelationshipCollection - Parsing relationship: /_rels/.rels
21:36:11.011 [main] DEBUG org.apache.poi.openxml4j.opc.PackageRelationshipCollection - Parsing relationship: /xl/_rels/workbook.xml.rels
21:36:11.011 [main] DEBUG org.apache.poi.openxml4j.opc.PackageRelationshipCollection - Parsing relationship: /xl/worksheets/_rels/sheet1.xml.rels
21:36:11.011 [main] DEBUG org.apache.poi.openxml4j.opc.PackageRelationshipCollection - Parsing relationship: /_rels/.rels
21:36:11.011 [main] DEBUG org.apache.poi.openxml4j.opc.PackageRelationshipCollection - Parsing relationship: /xl/_rels/workbook.xml.rels
21:36:11.011 [main] DEBUG org.apache.poi.openxml4j.opc.PackageRelationshipCollection - Parsing relationship: /xl/worksheets/_rels/sheet1.xml.rels
21:36:11.011 [main] DEBUG org.apache.poi.openxml4j.opc.PackageRelationshipCollection - Parsing relationship: /_rels/.rels
21:36:11.011 [main] DEBUG org.apache.poi.openxml4j.opc.PackageRelationshipCollection - Parsing relationship: /xl/_rels/workbook.xml.rels
21:36:11.011 [main] DEBUG org.apache.poi.openxml4j.opc.PackageRelationshipCollection - Parsing relationship: /xl/worksheets/_rels/sheet1.xml.rels
21:36:11.011 [main] DEBUG org.apache.poi.openxml4j.opc.PackageRelationshipCollection - Parsing relationship: /_rels/.rels
21:36:11.011 [main] DEBUG org.apache.poi.openxml4j.opc.PackageRelationshipCollection - Parsing relationship: /xl/_rels/workbook.xml.rels
21:36:11.011 [main] DEBUG org.apache.poi.openxml4j.opc.PackageRelationshipCollection - Parsing relationship: /xl/worksheets/_rels/sheet1.xml.rels
21:36:11.011 [main] DEBUG org.apache.poi.openxml4j.opc.PackageRelationshipCollection - Parsing relationship: /_rels/.rels
21:36:11.011 [main] DEBUG org.apache.poi.openxml4j.opc.PackageRelationshipCollection - Parsing relationship: /xl/_rels/workbook.xml.rels
21:36:11.011 [main] DEBUG org.apache.poi.openxml4j.opc.PackageRelationshipCollection - Parsing relationship: /xl/worksheets/_rels/sheet1.xml.rels
21:36:11.011 [main] DEBUG org.apache.poi.openxml4j.opc.PackageRelationshipCollection - Parsing relationship: /_rels/.rels
21:36:11.011 [main] DEBUG org.apache.poi.openxml4j.opc.PackageRelationshipCollection - Parsing relationship: /xl/_rels/workbook.xml.rels
21:36:11.011 [main] DEBUG org.apache.poi.openxml4j.opc.PackageRelationshipCollection - Parsing relationship: /xl/worksheets/_rels/sheet1.xml.rels
21:36:11.011 [main] DEBUG org.apache.poi.openxml4j.opc.PackageRelationshipCollection - Parsing relationship: /_rels/.rels
21:36:11.011 [main] DEBUG org.apache.poi.openxml4j.opc.PackageRelationshipCollection - Parsing relationship: /xl/_rels/workbook.xml.rels
21:36:11.011 [main] DEBUG org.apache.poi.openxml4j.opc.PackageRelationshipCollection - Parsing relationship: /xl/worksheets/_rels/sheet1.xml.rels
21:36:11.011 [main] DEBUG org.apache.poi.openxml4j.opc.PackageRelationshipCollection - Parsing relationship: /_rels/.rels
21:36:11.011 [main] DEBUG org.apache.poi.openxml4j.opc.PackageRelationshipCollection - Parsing relationship: /xl/_rels/workbook.xml.rels
21:36:11.011 [main] DEBUG org.apache.poi.openxml4j.opc.PackageRelationshipCollection - Parsing relationship: /xl/worksheets/_rels/sheet1.xml.rels
21:36:11.011 [main] DEBUG org.apache.poi.openxml4j.opc.PackageRelationshipCollection - Parsing relationship: /_rels/.rels
21:36:11.011 [main] DEBUG org.apache.poi.openxml4j.opc.PackageRelationshipCollection - Parsing relationship: /xl/_rels/workbook.xml.rels
21:36:11.011 [main] DEBUG org.apache.poi.openxml4j.opc.PackageRelationshipCollection - Parsing relationship: /xl/worksheets/_rels/sheet1.xml.rels
21:36:11.011 [main] DEBUG org.apache.poi.openxml4j.opc.PackageRelationshipCollection - Parsing relationship: /_rels/.rels
21:36:11.011 [main] DEBUG org.apache.poi.openxml4j.opc.PackageRelationshipCollection - Parsing relationship: /xl/_rels/workbook.xml.rels
21:36:11.011 [main] DEBUG org.apache.poi.openxml4j.opc.PackageRelationshipCollection - Parsing relationship: /xl/worksheets/_rels/sheet1.xml.rels
21:36:11.011 [main] DEBUG org.apache.poi.openxml4j.opc.PackageRelationshipCollection - Parsing relationship: /_rels/.rels
21:38:11.011 [main] DEBUG org.testng.TestNG - suiteXmlPath: "C:\Users\Ravi Yadav\eclipse-workspace1\OpenCartPractice\seleniumGrid.xml"
21:38:12.012 [main] INFO  org.testng.internal.Utils - [TestNG] Running:
  C:\Users\Ravi Yadav\eclipse-workspace1\OpenCartPractice\seleniumGrid.xml

21:48:09.009 [main] DEBUG org.testng.TestNG - suiteXmlPath: "C:\Users\Ravi Yadav\eclipse-workspace1\OpenCartPractice\seleniumGrid.xml"
21:48:09.009 [main] INFO  org.testng.internal.Utils - [TestNG] Running:
  C:\Users\Ravi Yadav\eclipse-workspace1\OpenCartPractice\seleniumGrid.xml

22:17:35.035 [main] DEBUG org.testng.TestNG - suiteXmlPath: "C:\Users\Ravi Yadav\eclipse-workspace1\OpenCartPractice\seleniumGrid.xml"
22:17:36.036 [main] INFO  org.testng.internal.Utils - [TestNG] Running:
  C:\Users\Ravi Yadav\eclipse-workspace1\OpenCartPractice\seleniumGrid.xml

22:18:54.054 [main] DEBUG org.testng.TestNG - suiteXmlPath: "C:\Users\Ravi Yadav\eclipse-workspace1\OpenCartPractice\seleniumGrid.xml"
22:18:54.054 [main] INFO  org.testng.internal.Utils - [TestNG] Running:
  C:\Users\Ravi Yadav\eclipse-workspace1\OpenCartPractice\seleniumGrid.xml

22:19:52.052 [main] DEBUG org.testng.TestNG - suiteXmlPath: "C:\Users\Ravi Yadav\eclipse-workspace1\OpenCartPractice\seleniumGrid.xml"
22:19:53.053 [main] INFO  org.testng.internal.Utils - [TestNG] Running:
  C:\Users\Ravi Yadav\eclipse-workspace1\OpenCartPractice\seleniumGrid.xml

22:20:57.057 [main] DEBUG org.testng.TestNG - suiteXmlPath: "C:\Users\Ravi Yadav\eclipse-workspace1\OpenCartPractice\seleniumGrid.xml"
22:20:58.058 [main] INFO  org.testng.internal.Utils - [TestNG] Running:
  C:\Users\Ravi Yadav\eclipse-workspace1\OpenCartPractice\seleniumGrid.xml

22:35:43.043 [main] DEBUG org.testng.TestNG - suiteXmlPath: "C:\Users\Ravi Yadav\eclipse-workspace1\OpenCartPractice\seleniumGrid.xml"
22:35:44.044 [main] INFO  org.testng.internal.Utils - [TestNG] Running:
  C:\Users\Ravi Yadav\eclipse-workspace1\OpenCartPractice\seleniumGrid.xml

23:11:37.037 [main] DEBUG org.testng.TestNG - suiteXmlPath: "C:\Users\Ravi Yadav\eclipse-workspace1\OpenCartPractice\seleniumGrid.xml"
23:11:37.037 [main] INFO  org.testng.internal.Utils - [TestNG] Running:
  C:\Users\Ravi Yadav\eclipse-workspace1\OpenCartPractice\seleniumGrid.xml

23:11:45.045 [TestNG-tests-2] INFO  testCases.TC02_LoginPageTest - ****TC02_LoginTest Started....****
23:11:45.045 [TestNG-tests-2] INFO  testCases.TC02_LoginPageTest - Click MyAccount
23:13:26.026 [main] DEBUG org.testng.TestNG - suiteXmlPath: "C:\Users\Ravi Yadav\eclipse-workspace1\OpenCartPractice\seleniumGrid.xml"
23:13:27.027 [main] INFO  org.testng.internal.Utils - [TestNG] Running:
  C:\Users\Ravi Yadav\eclipse-workspace1\OpenCartPractice\seleniumGrid.xml

23:13:31.031 [TestNG-tests-2] INFO  testCases.TC02_LoginPageTest - ****TC02_LoginTest Started....****
23:13:31.031 [TestNG-tests-2] INFO  testCases.TC02_LoginPageTest - Click MyAccount
23:13:41.041 [TestNG-tests-1] INFO  testCases.TC02_LoginPageTest - ****TC02_LoginTest Started....****
23:13:41.041 [TestNG-tests-1] INFO  testCases.TC02_LoginPageTest - Click MyAccount
23:15:42.042 [main] DEBUG org.testng.TestNG - suiteXmlPath: "C:\Users\Ravi Yadav\eclipse-workspace1\OpenCartPractice\seleniumGrid.xml"
23:15:43.043 [main] INFO  org.testng.internal.Utils - [TestNG] Running:
  C:\Users\Ravi Yadav\eclipse-workspace1\OpenCartPractice\seleniumGrid.xml

23:17:58.058 [main] DEBUG org.testng.TestNG - suiteXmlPath: "C:\Users\Ravi Yadav\eclipse-workspace1\OpenCartPractice\seleniumGrid.xml"
23:17:59.059 [main] INFO  org.testng.internal.Utils - [TestNG] Running:
  C:\Users\Ravi Yadav\eclipse-workspace1\OpenCartPractice\seleniumGrid.xml

23:19:19.019 [main] DEBUG org.testng.TestNG - suiteXmlPath: "C:\Users\Ravi Yadav\eclipse-workspace1\OpenCartPractice\seleniumGrid.xml"
23:19:19.019 [main] INFO  org.testng.internal.Utils - [TestNG] Running:
  C:\Users\Ravi Yadav\eclipse-workspace1\OpenCartPractice\seleniumGrid.xml

23:19:22.022 [TestNG-tests-2] INFO  testCases.TC02_LoginPageTest - ****TC02_LoginTest Started....****
23:19:22.022 [TestNG-tests-2] INFO  testCases.TC02_LoginPageTest - Click MyAccount
23:19:28.028 [TestNG-tests-1] INFO  testCases.TC02_LoginPageTest - ****TC02_LoginTest Started....****
23:19:28.028 [TestNG-tests-1] INFO  testCases.TC02_LoginPageTest - Click MyAccount
08:55:35.035 [main] DEBUG org.testng.TestNG - suiteXmlPath: "C:\Users\Ravi Yadav\eclipse-workspace1\OpenCartPractice\master.xml"
08:55:36.036 [main] INFO  org.testng.internal.Utils - [TestNG] Running:
  C:\Users\Ravi Yadav\eclipse-workspace1\OpenCartPractice\master.xml

08:55:47.047 [main] INFO  testCases.TC02_LoginPageTest - ****TC02_LoginTest Started....****
08:55:47.047 [main] INFO  testCases.TC02_LoginPageTest - Click MyAccount
08:59:09.009 [main] DEBUG org.testng.TestNG - suiteXmlPath: "C:\Users\Ravi Yadav\eclipse-workspace1\OpenCartPractice\master.xml"
08:59:10.010 [main] INFO  org.testng.internal.Utils - [TestNG] Running:
  C:\Users\Ravi Yadav\eclipse-workspace1\OpenCartPractice\master.xml

08:59:14.014 [main] INFO  testCases.TC02_LoginPageTest - ****TC02_LoginTest Started....****
08:59:14.014 [main] INFO  testCases.TC02_LoginPageTest - Click MyAccount
09:06:08.008 [main] DEBUG org.testng.TestNG - suiteXmlPath: "C:\Users\Ravi Yadav\eclipse-workspace1\OpenCartPractice\master.xml"
09:06:12.012 [main] INFO  testCases.TC02_LoginPageTest - ****TC02_LoginTest Started....****
09:06:12.012 [main] INFO  testCases.TC02_LoginPageTest - Click MyAccount
09:06:57.057 [main] DEBUG org.testng.TestNG - suiteXmlPath: "C:\Users\Ravi Yadav\eclipse-workspace1\OpenCartPractice\master.xml"
09:07:11.011 [main] INFO  testCases.TC02_LoginPageTest - ****TC02_LoginTest Started....****
09:07:11.011 [main] INFO  testCases.TC02_LoginPageTest - Click MyAccount
09:07:11.011 [main] INFO  testCases.TC02_LoginPageTest - Click Login
09:07:11.011 [main] INFO  testCases.TC02_LoginPageTest - Enter Customer Details
09:07:12.012 [main] INFO  testCases.TC02_LoginPageTest - Validating pageTest
09:07:12.012 [main] INFO  testCases.TC02_LoginPageTest - ****TC02_LoginTest finished....****
09:12:43.043 [main] DEBUG org.testng.TestNG - suiteXmlPath: "C:\Users\Ravi Yadav\eclipse-workspace1\OpenCartPractice\master.xml"
09:12:50.050 [main] INFO  testCases.TC02_LoginPageTest - ****TC02_LoginTest Started....****
09:12:50.050 [main] INFO  testCases.TC02_LoginPageTest - Click MyAccount
09:12:51.051 [main] INFO  testCases.TC02_LoginPageTest - Click Login
09:12:52.052 [main] INFO  testCases.TC02_LoginPageTest - Enter Customer Details
09:12:53.053 [main] INFO  testCases.TC02_LoginPageTest - Validating pageTest
09:12:53.053 [main] INFO  testCases.TC02_LoginPageTest - ****TC02_LoginTest finished....****
09:18:15.015 [main] DEBUG org.testng.TestNG - suiteXmlPath: "C:\Users\Ravi Yadav\eclipse-workspace1\OpenCartPractice\master.xml"
09:18:24.024 [main] INFO  testCases.TC02_LoginPageTest - ****TC02_LoginTest Started....****
09:18:24.024 [main] INFO  testCases.TC02_LoginPageTest - Click MyAccount
09:18:24.024 [main] INFO  testCases.TC02_LoginPageTest - Click Login
09:18:24.024 [main] INFO  testCases.TC02_LoginPageTest - Enter Customer Details
09:18:26.026 [main] INFO  testCases.TC02_LoginPageTest - Validating pageTest
09:18:27.027 [main] INFO  testCases.TC02_LoginPageTest - ****TC02_LoginTest finished....****
